# JRE version: OpenJDK Runtime Environment (11.0.11+9) (build 11.0.11+9-b60-7590822)
# Java VM: OpenJDK 64-Bit Server VM (11.0.11+9-b60-7590822, mixed mode, tiered, compressed oops, g1 gc, windows-amd64)
Heap:
 garbage-first heap   total 450560K, used 249676K [0x0000000080000000, 0x0000000100000000)
  region size 1024K, 3 young (3072K), 3 survivors (3072K)
 Metaspace       used 133698K, capacity 137097K, committed 137508K, reserved 1169408K
  class space    used 16673K, capacity 18005K, committed 18176K, reserved 1048576K
GC Heap History (20 events):
Event: 3819.706 GC heap after
{Heap after GC invocations=48 (full 0):
 garbage-first heap   total 258048K, used 147260K [0x0000000080000000, 0x0000000100000000)
  region size 1024K, 2 young (2048K), 2 survivors (2048K)
 Metaspace       used 131361K, capacity 134753K, committed 134948K, reserved 1167360K
  class space    used 16469K, capacity 17793K, committed 17920K, reserved 1048576K
}
Event: 3820.277 GC heap before
{Heap before GC invocations=48 (full 0):
 garbage-first heap   total 258048K, used 176956K [0x0000000080000000, 0x0000000100000000)
  region size 1024K, 26 young (26624K), 2 survivors (2048K)
 Metaspace       used 131763K, capacity 135228K, committed 135460K, reserved 1167360K
  class space    used 16496K, capacity 17832K, committed 17920K, reserved 1048576K
}
Event: 3820.281 GC heap after
{Heap after GC invocations=49 (full 0):
 garbage-first heap   total 258048K, used 159311K [0x0000000080000000, 0x0000000100000000)
  region size 1024K, 6 young (6144K), 6 survivors (6144K)
 Metaspace       used 131763K, capacity 135228K, committed 135460K, reserved 1167360K
  class space    used 16496K, capacity 17832K, committed 17920K, reserved 1048576K
}
Event: 3820.524 GC heap before
{Heap before GC invocations=50 (full 0):
 garbage-first heap   total 258048K, used 240207K [0x0000000080000000, 0x0000000100000000)
  region size 1024K, 63 young (64512K), 6 survivors (6144K)
 Metaspace       used 132518K, capacity 135894K, committed 136356K, reserved 1167360K
  class space    used 16542K, capacity 17833K, committed 18048K, reserved 1048576K
}
Event: 3820.534 GC heap after
{Heap after GC invocations=51 (full 0):
 garbage-first heap   total 260096K, used 184624K [0x0000000080000000, 0x0000000100000000)
  region size 1024K, 8 young (8192K), 8 survivors (8192K)
 Metaspace       used 132518K, capacity 135894K, committed 136356K, reserved 1167360K
  class space    used 16542K, capacity 17833K, committed 18048K, reserved 1048576K
}
Event: 3820.547 GC heap before
{Heap before GC invocations=51 (full 0):
 garbage-first heap   total 260096K, used 188720K [0x0000000080000000, 0x0000000100000000)
  region size 1024K, 12 young (12288K), 8 survivors (8192K)
 Metaspace       used 132546K, capacity 135894K, committed 136356K, reserved 1167360K
  class space    used 16542K, capacity 17833K, committed 18048K, reserved 1048576K
}
Event: 3820.555 GC heap after
{Heap after GC invocations=52 (full 0):
 garbage-first heap   total 260096K, used 182466K [0x0000000080000000, 0x0000000100000000)
  region size 1024K, 2 young (2048K), 2 survivors (2048K)
 Metaspace       used 132546K, capacity 135894K, committed 136356K, reserved 1167360K
  class space    used 16542K, capacity 17833K, committed 18048K, reserved 1048576K
}
Event: 3820.685 GC heap before
{Heap before GC invocations=52 (full 0):
 garbage-first heap   total 260096K, used 216258K [0x0000000080000000, 0x0000000100000000)
  region size 1024K, 34 young (34816K), 2 survivors (2048K)
 Metaspace       used 133212K, capacity 136596K, committed 136868K, reserved 1169408K
  class space    used 16658K, capacity 17941K, committed 18048K, reserved 1048576K
}
Event: 3820.695 GC heap after
{Heap after GC invocations=53 (full 0):
 garbage-first heap   total 260096K, used 194877K [0x0000000080000000, 0x0000000100000000)
  region size 1024K, 5 young (5120K), 5 survivors (5120K)
 Metaspace       used 133212K, capacity 136596K, committed 136868K, reserved 1169408K
  class space    used 16658K, capacity 17941K, committed 18048K, reserved 1048576K
}
Event: 3820.751 GC heap before
{Heap before GC invocations=53 (full 0):
 garbage-first heap   total 260096K, used 216381K [0x0000000080000000, 0x0000000100000000)
  region size 1024K, 27 young (27648K), 5 survivors (5120K)
 Metaspace       used 133325K, capacity 136726K, committed 137124K, reserved 1169408K
  class space    used 16658K, capacity 17941K, committed 18048K, reserved 1048576K
}
Event: 3820.764 GC heap after
{Heap after GC invocations=54 (full 0):
 garbage-first heap   total 260096K, used 205720K [0x0000000080000000, 0x0000000100000000)
  region size 1024K, 4 young (4096K), 4 survivors (4096K)
 Metaspace       used 133325K, capacity 136726K, committed 137124K, reserved 1169408K
  class space    used 16658K, capacity 17941K, committed 18048K, reserved 1048576K
}
Event: 3820.784 GC heap before
{Heap before GC invocations=54 (full 0):
 garbage-first heap   total 260096K, used 220056K [0x0000000080000000, 0x0000000100000000)
  region size 1024K, 18 young (18432K), 4 survivors (4096K)
 Metaspace       used 133353K, capacity 136731K, committed 137124K, reserved 1169408K
  class space    used 16659K, capacity 17941K, committed 18048K, reserved 1048576K
}
Event: 3820.793 GC heap after
{Heap after GC invocations=55 (full 0):
 garbage-first heap   total 312320K, used 213749K [0x0000000080000000, 0x0000000100000000)
  region size 1024K, 3 young (3072K), 3 survivors (3072K)
 Metaspace       used 133353K, capacity 136731K, committed 137124K, reserved 1169408K
  class space    used 16659K, capacity 17941K, committed 18048K, reserved 1048576K
}
Event: 3820.845 GC heap before
{Heap before GC invocations=55 (full 0):
 garbage-first heap   total 312320K, used 242421K [0x0000000080000000, 0x0000000100000000)
  region size 1024K, 31 young (31744K), 3 survivors (3072K)
 Metaspace       used 133393K, capacity 136798K, committed 137124K, reserved 1169408K
  class space    used 16659K, capacity 17941K, committed 18048K, reserved 1048576K
}
Event: 3820.855 GC heap after
{Heap after GC invocations=56 (full 0):
 garbage-first heap   total 312320K, used 228569K [0x0000000080000000, 0x0000000100000000)
  region size 1024K, 4 young (4096K), 4 survivors (4096K)
 Metaspace       used 133393K, capacity 136798K, committed 137124K, reserved 1169408K
  class space    used 16659K, capacity 17941K, committed 18048K, reserved 1048576K
}
Event: 3820.899 GC heap before
{Heap before GC invocations=56 (full 0):
 garbage-first heap   total 312320K, used 250073K [0x0000000080000000, 0x0000000100000000)
  region size 1024K, 26 young (26624K), 4 survivors (4096K)
 Metaspace       used 133402K, capacity 136800K, committed 137124K, reserved 1169408K
  class space    used 16659K, capacity 17941K, committed 18048K, reserved 1048576K
}
Event: 3820.909 GC heap after
{Heap after GC invocations=57 (full 0):
 garbage-first heap   total 312320K, used 241232K [0x0000000080000000, 0x0000000100000000)
  region size 1024K, 4 young (4096K), 4 survivors (4096K)
 Metaspace       used 133402K, capacity 136800K, committed 137124K, reserved 1169408K
  class space    used 16659K, capacity 17941K, committed 18048K, reserved 1048576K
}
Event: 3821.049 GC heap before
{Heap before GC invocations=57 (full 0):
 garbage-first heap   total 312320K, used 258640K [0x0000000080000000, 0x0000000100000000)
  region size 1024K, 21 young (21504K), 4 survivors (4096K)
 Metaspace       used 133544K, capacity 136966K, committed 137252K, reserved 1169408K
  class space    used 16664K, capacity 17991K, committed 18176K, reserved 1048576K
}
Event: 3821.061 GC heap after
{Heap after GC invocations=58 (full 0):
 garbage-first heap   total 312320K, used 246784K [0x0000000080000000, 0x0000000100000000)
  region size 1024K, 3 young (3072K), 3 survivors (3072K)
 Metaspace       used 133544K, capacity 136966K, committed 137252K, reserved 1169408K
  class space    used 16664K, capacity 17991K, committed 18176K, reserved 1048576K
}
Event: 3821.177 GC heap before
{Heap before GC invocations=59 (full 0):
 garbage-first heap   total 312320K, used 262144K [0x0000000080000000, 0x0000000100000000)
  region size 1024K, 19 young (19456K), 3 survivors (3072K)
 Metaspace       used 133698K, capacity 137097K, committed 137508K, reserved 1169408K
  class space    used 16673K, capacity 18005K, committed 18176K, reserved 1048576K
}

